<?xml version="1.0" encoding="UTF-8"?>
<testng-results skipped="0" failed="0" ignored="0" total="1" passed="1">
  <reporter-output>
  </reporter-output>
  <suite name="Default suite" duration-ms="181114" started-at="2022-09-25T16:40:29Z" finished-at="2022-09-25T16:43:30Z">
    <groups>
      <group name="cucumber">
        <method signature="AbstractTestNGCucumberTests.feature(cucumber.api.testng.CucumberFeatureWrapper)[pri:0, instance:testrunners.Testrunners@62ee68d8]" name="feature" class="cucumber.api.testng.AbstractTestNGCucumberTests"/>
      </group> <!-- cucumber -->
    </groups>
    <test name="Default test" duration-ms="181114" started-at="2022-09-25T16:40:29Z" finished-at="2022-09-25T16:43:30Z">
      <class name="testrunners.Testrunners">
        <test-method status="PASS" signature="setUpClass()[pri:0, instance:testrunners.Testrunners@62ee68d8]" name="setUpClass" is-config="true" duration-ms="196" started-at="2022-09-25T16:40:29Z" finished-at="2022-09-25T16:40:29Z">
          <reporter-output>
          </reporter-output>
        </test-method> <!-- setUpClass -->
        <test-method status="PASS" signature="feature(cucumber.api.testng.CucumberFeatureWrapper)[pri:0, instance:testrunners.Testrunners@62ee68d8]" name="feature" duration-ms="180074" started-at="2022-09-25T16:40:29Z" description="Runs Cucumber Feature" data-provider="features" finished-at="2022-09-25T16:43:29Z">
          <params>
            <param index="0">
              <value>
                <![CDATA[Recruiter AI features]]>
              </value>
            </param>
          </params>
          <reporter-output>
          </reporter-output>
        </test-method> <!-- feature -->
        <test-method status="PASS" signature="tearDownClass()[pri:0, instance:testrunners.Testrunners@62ee68d8]" name="tearDownClass" is-config="true" duration-ms="746" started-at="2022-09-25T16:43:29Z" finished-at="2022-09-25T16:43:30Z">
          <reporter-output>
          </reporter-output>
        </test-method> <!-- tearDownClass -->
      </class> <!-- testrunners.Testrunners -->
    </test> <!-- Default test -->
  </suite> <!-- Default suite -->
</testng-results>
